2026-02-10 03:02:21,089 - INFO - scheme='Bearer' credentials='eyJhbGciOiJIUzI1NiIsInR5cCI6IkpXVCJ9.eyJuYW1lIjoiXHVhZTQwXHVjOWMwXHVkNjU4IiwiaXNzIjoiRURVIiwic3ViIjoiMTkiLCJpYXQiOjE3NzA2OTI1MjUsImV4cCI6MTc3MDY5NjEyNX0.R_K9RrL098SFWDh0oRH5c5W-TEsFHkKkz_6XKjLwqts'
2026-02-10 03:02:21,090 - INFO - Bearer
2026-02-10 03:02:21,090 - INFO - eyJhbGciOiJIUzI1NiIsInR5cCI6IkpXVCJ9.eyJuYW1lIjoiXHVhZTQwXHVjOWMwXHVkNjU4IiwiaXNzIjoiRURVIiwic3ViIjoiMTkiLCJpYXQiOjE3NzA2OTI1MjUsImV4cCI6MTc3MDY5NjEyNX0.R_K9RrL098SFWDh0oRH5c5W-TEsFHkKkz_6XKjLwqts
2026-02-10 03:02:21,091 - INFO - Token 유효 시간 : 59 분 43 초
2026-02-10 03:15:26,987 - INFO - scheme='Bearer' credentials='eyJhbGciOiJIUzI1NiIsInR5cCI6IkpXVCJ9.eyJuYW1lIjoiXHVhZTQwXHVjOWMwXHVkNjU4IiwiaXNzIjoiRURVIiwic3ViIjoiMTkiLCJpYXQiOjE3NzA2OTMyMjYsImV4cCI6MTc3MDY5NjgyNn0.R-q597S9wPP2taf7wwbullbJTcUQVcfETUztEZT-Qpg'
2026-02-10 03:15:26,988 - INFO - Bearer
2026-02-10 03:15:26,988 - INFO - eyJhbGciOiJIUzI1NiIsInR5cCI6IkpXVCJ9.eyJuYW1lIjoiXHVhZTQwXHVjOWMwXHVkNjU4IiwiaXNzIjoiRURVIiwic3ViIjoiMTkiLCJpYXQiOjE3NzA2OTMyMjYsImV4cCI6MTc3MDY5NjgyNn0.R-q597S9wPP2taf7wwbullbJTcUQVcfETUztEZT-Qpg
2026-02-10 03:15:26,989 - INFO - Token 유효 시간 : 58 분 19 초
2026-02-10 03:18:54,968 - INFO - scheme='Bearer' credentials='eyJhbGciOiJIUzI1NiIsInR5cCI6IkpXVCJ9.eyJuYW1lIjoiXHVhZTQwXHVjOWMwXHVkNjU4IiwiaXNzIjoiRURVIiwic3ViIjoiMTkiLCJpYXQiOjE3NzA2OTM1MzEsImV4cCI6MTc3MDY5NzEzMX0.AZHDxYtgk0pZ28O6N7_AVXmNBU9XbdtsqFkdz-f361M'
2026-02-10 03:18:54,968 - INFO - Bearer
2026-02-10 03:18:54,968 - INFO - eyJhbGciOiJIUzI1NiIsInR5cCI6IkpXVCJ9.eyJuYW1lIjoiXHVhZTQwXHVjOWMwXHVkNjU4IiwiaXNzIjoiRURVIiwic3ViIjoiMTkiLCJpYXQiOjE3NzA2OTM1MzEsImV4cCI6MTc3MDY5NzEzMX0.AZHDxYtgk0pZ28O6N7_AVXmNBU9XbdtsqFkdz-f361M
2026-02-10 03:18:54,969 - INFO - Token 유효 시간 : 59 분 56 초
2026-02-10 03:30:08,370 - INFO - scheme='Bearer' credentials='eyJhbGciOiJIUzI1NiIsInR5cCI6IkpXVCJ9.eyJuYW1lIjoiXHVhZTQwXHVjOWMwXHVkNjU4IiwiaXNzIjoiRURVIiwic3ViIjoiMTkiLCJpYXQiOjE3NzA2OTQyMDUsImV4cCI6MTc3MDY5NzgwNX0.erIDVfiH1Blo5_ZOFFHurylwc7VvA7BGFg9yXjL6gwU'
2026-02-10 03:30:08,370 - INFO - Bearer
2026-02-10 03:30:08,370 - INFO - eyJhbGciOiJIUzI1NiIsInR5cCI6IkpXVCJ9.eyJuYW1lIjoiXHVhZTQwXHVjOWMwXHVkNjU4IiwiaXNzIjoiRURVIiwic3ViIjoiMTkiLCJpYXQiOjE3NzA2OTQyMDUsImV4cCI6MTc3MDY5NzgwNX0.erIDVfiH1Blo5_ZOFFHurylwc7VvA7BGFg9yXjL6gwU
2026-02-10 03:30:08,370 - INFO - Token 유효 시간 : 59 분 56 초
2026-02-10 03:32:51,377 - INFO - Shutting down
2026-02-10 03:32:51,478 - INFO - Waiting for application shutdown.
2026-02-10 03:32:51,479 - INFO - Application shutdown complete.
2026-02-10 03:32:51,480 - INFO - Finished server process [49617]
2026-02-10 03:33:21,906 - INFO - scheme='Bearer' credentials='eyJhbGciOiJIUzI1NiIsInR5cCI6IkpXVCJ9.eyJuYW1lIjoiXHVhZTQwXHVjOWMwXHVkNjU4IiwiaXNzIjoiRURVIiwic3ViIjoiMTkiLCJpYXQiOjE3NzA2OTQzOTYsImV4cCI6MTc3MDY5Nzk5Nn0.dh0kcrVgo_F0J2FkE2nbTTvhGe1SR0oFcuhG7rBjG-U'
2026-02-10 03:33:21,907 - INFO - Bearer
2026-02-10 03:33:21,907 - INFO - eyJhbGciOiJIUzI1NiIsInR5cCI6IkpXVCJ9.eyJuYW1lIjoiXHVhZTQwXHVjOWMwXHVkNjU4IiwiaXNzIjoiRURVIiwic3ViIjoiMTkiLCJpYXQiOjE3NzA2OTQzOTYsImV4cCI6MTc3MDY5Nzk5Nn0.dh0kcrVgo_F0J2FkE2nbTTvhGe1SR0oFcuhG7rBjG-U
2026-02-10 03:33:21,907 - INFO - Token 유효 시간 : 59 분 54 초
2026-02-10 03:34:39,190 - INFO - scheme='Bearer' credentials='eyJhbGciOiJIUzI1NiIsInR5cCI6IkpXVCJ9.eyJuYW1lIjoiXHVhZTQwXHVjOWMwXHVkNjU4IiwiaXNzIjoiRURVIiwic3ViIjoiMTkiLCJpYXQiOjE3NzA2OTQ0NzUsImV4cCI6MTc3MDY5ODA3NX0.1TW_1Z5-endj_ndiVl369EAzjLOM-cDHAwO0ztH1iwU'
2026-02-10 03:34:39,190 - INFO - Bearer
2026-02-10 03:34:39,190 - INFO - eyJhbGciOiJIUzI1NiIsInR5cCI6IkpXVCJ9.eyJuYW1lIjoiXHVhZTQwXHVjOWMwXHVkNjU4IiwiaXNzIjoiRURVIiwic3ViIjoiMTkiLCJpYXQiOjE3NzA2OTQ0NzUsImV4cCI6MTc3MDY5ODA3NX0.1TW_1Z5-endj_ndiVl369EAzjLOM-cDHAwO0ztH1iwU
2026-02-10 03:34:39,191 - INFO - Token 유효 시간 : 59 분 55 초
2026-02-10 03:37:52,874 - INFO - Shutting down
2026-02-10 03:37:52,975 - INFO - Waiting for application shutdown.
2026-02-10 03:37:52,976 - INFO - Application shutdown complete.
2026-02-10 03:37:52,976 - INFO - Finished server process [69518]
2026-02-10 03:41:10,444 - INFO - scheme='Bearer' credentials='eyJhbGciOiJIUzI1NiIsInR5cCI6IkpXVCJ9.eyJuYW1lIjoiXHVhZTQwXHVjOWMwXHVkNjU4IiwiaXNzIjoiRURVIiwic3ViIjoiMTkiLCJpYXQiOjE3NzA2OTQ4NjcsImV4cCI6MTc3MDY5ODQ2N30.YwffnLIylcGFsTzdYgpSmSm1aoQyRzihbU30Wsx_w58'
2026-02-10 03:41:10,444 - INFO - Bearer
2026-02-10 03:41:10,444 - INFO - eyJhbGciOiJIUzI1NiIsInR5cCI6IkpXVCJ9.eyJuYW1lIjoiXHVhZTQwXHVjOWMwXHVkNjU4IiwiaXNzIjoiRURVIiwic3ViIjoiMTkiLCJpYXQiOjE3NzA2OTQ4NjcsImV4cCI6MTc3MDY5ODQ2N30.YwffnLIylcGFsTzdYgpSmSm1aoQyRzihbU30Wsx_w58
2026-02-10 03:41:10,445 - INFO - Token 유효 시간 : 59 분 56 초
2026-02-10 03:42:38,160 - INFO - scheme='Bearer' credentials='eyJhbGciOiJIUzI1NiIsInR5cCI6IkpXVCJ9.eyJuYW1lIjoiXHVhZTQwXHVjOWMwXHVkNjU4IiwiaXNzIjoiRURVIiwic3ViIjoiMTkiLCJpYXQiOjE3NzA2OTQ5NTUsImV4cCI6MTc3MDY5ODU1NX0.E8RW5M7BNwV_2JznxUbkpSuCwZxxCVq_uiB1-kBUlf4'
2026-02-10 03:42:38,161 - INFO - Bearer
2026-02-10 03:42:38,161 - INFO - eyJhbGciOiJIUzI1NiIsInR5cCI6IkpXVCJ9.eyJuYW1lIjoiXHVhZTQwXHVjOWMwXHVkNjU4IiwiaXNzIjoiRURVIiwic3ViIjoiMTkiLCJpYXQiOjE3NzA2OTQ5NTUsImV4cCI6MTc3MDY5ODU1NX0.E8RW5M7BNwV_2JznxUbkpSuCwZxxCVq_uiB1-kBUlf4
2026-02-10 03:42:38,161 - INFO - Token 유효 시간 : 59 분 56 초
2026-02-10 03:45:08,097 - INFO - scheme='Bearer' credentials='eyJhbGciOiJIUzI1NiIsInR5cCI6IkpXVCJ9.eyJuYW1lIjoiXHVhZTQwXHVjOWMwXHVkNjU4IiwiaXNzIjoiRURVIiwic3ViIjoiMTkiLCJpYXQiOjE3NzA2OTUxMDUsImV4cCI6MTc3MDY5ODcwNX0.wREYFWTAwtzF2ai-bq0IbgzG5VurrnfP1QRZ1eUv2_U'
2026-02-10 03:45:08,098 - INFO - Bearer
2026-02-10 03:45:08,098 - INFO - eyJhbGciOiJIUzI1NiIsInR5cCI6IkpXVCJ9.eyJuYW1lIjoiXHVhZTQwXHVjOWMwXHVkNjU4IiwiaXNzIjoiRURVIiwic3ViIjoiMTkiLCJpYXQiOjE3NzA2OTUxMDUsImV4cCI6MTc3MDY5ODcwNX0.wREYFWTAwtzF2ai-bq0IbgzG5VurrnfP1QRZ1eUv2_U
2026-02-10 03:45:08,098 - INFO - Token 유효 시간 : 59 분 56 초
