2026-02-09 15:08:06,279 - INFO - scheme='Bearer' credentials='eyJhbGciOiJIUzI1NiIsInR5cCI6IkpXVCJ9.eyJuYW1lIjoiXHVhZTQwXHVjOWMwXHVkNjU4IiwiaXNzIjoiRURVIiwic3ViIjoiMTkiLCJpYXQiOjE3NzA2MTcxNjAsImV4cCI6MTc3MDYyMDc2MH0.q9ebOWKgrZD1Gkn_mZLXii_mPErDTEJ5MhwOigE02HA'
2026-02-09 15:08:06,279 - INFO - Bearer
2026-02-09 15:08:06,280 - INFO - eyJhbGciOiJIUzI1NiIsInR5cCI6IkpXVCJ9.eyJuYW1lIjoiXHVhZTQwXHVjOWMwXHVkNjU4IiwiaXNzIjoiRURVIiwic3ViIjoiMTkiLCJpYXQiOjE3NzA2MTcxNjAsImV4cCI6MTc3MDYyMDc2MH0.q9ebOWKgrZD1Gkn_mZLXii_mPErDTEJ5MhwOigE02HA
2026-02-09 15:08:06,280 - INFO - Token 유효 시간 : 57 분 53 초
2026-02-09 15:18:29,404 - INFO - scheme='Bearer' credentials='eyJhbGciOiJIUzI1NiIsInR5cCI6IkpXVCJ9.eyJuYW1lIjoiXHVhZTQwXHVjOWMwXHVkNjU4IiwiaXNzIjoiRURVIiwic3ViIjoiMTkiLCJpYXQiOjE3NzA2MTcxNjAsImV4cCI6MTc3MDYyMDc2MH0.q9ebOWKgrZD1Gkn_mZLXii_mPErDTEJ5MhwOigE02HA'
2026-02-09 15:18:29,405 - INFO - Bearer
2026-02-09 15:18:29,405 - INFO - eyJhbGciOiJIUzI1NiIsInR5cCI6IkpXVCJ9.eyJuYW1lIjoiXHVhZTQwXHVjOWMwXHVkNjU4IiwiaXNzIjoiRURVIiwic3ViIjoiMTkiLCJpYXQiOjE3NzA2MTcxNjAsImV4cCI6MTc3MDYyMDc2MH0.q9ebOWKgrZD1Gkn_mZLXii_mPErDTEJ5MhwOigE02HA
2026-02-09 15:18:29,405 - INFO - Token 유효 시간 : 47 분 30 초
2026-02-09 15:18:34,744 - INFO - scheme='Bearer' credentials='eyJhbGciOiJIUzI1NiIsInR5cCI6IkpXVCJ9.eyJuYW1lIjoiXHVhZTQwXHVjOWMwXHVkNjU4IiwiaXNzIjoiRURVIiwic3ViIjoiMTkiLCJpYXQiOjE3NzA2MTcxNjAsImV4cCI6MTc3MDYyMDc2MH0.q9ebOWKgrZD1Gkn_mZLXii_mPErDTEJ5MhwOigE02HA'
2026-02-09 15:18:34,744 - INFO - Bearer
2026-02-09 15:18:34,744 - INFO - eyJhbGciOiJIUzI1NiIsInR5cCI6IkpXVCJ9.eyJuYW1lIjoiXHVhZTQwXHVjOWMwXHVkNjU4IiwiaXNzIjoiRURVIiwic3ViIjoiMTkiLCJpYXQiOjE3NzA2MTcxNjAsImV4cCI6MTc3MDYyMDc2MH0.q9ebOWKgrZD1Gkn_mZLXii_mPErDTEJ5MhwOigE02HA
2026-02-09 15:18:34,744 - INFO - Token 유효 시간 : 47 분 25 초
2026-02-09 15:18:36,979 - INFO - scheme='Bearer' credentials='eyJhbGciOiJIUzI1NiIsInR5cCI6IkpXVCJ9.eyJuYW1lIjoiXHVhZTQwXHVjOWMwXHVkNjU4IiwiaXNzIjoiRURVIiwic3ViIjoiMTkiLCJpYXQiOjE3NzA2MTcxNjAsImV4cCI6MTc3MDYyMDc2MH0.q9ebOWKgrZD1Gkn_mZLXii_mPErDTEJ5MhwOigE02HA'
2026-02-09 15:18:36,980 - INFO - Bearer
2026-02-09 15:18:36,980 - INFO - eyJhbGciOiJIUzI1NiIsInR5cCI6IkpXVCJ9.eyJuYW1lIjoiXHVhZTQwXHVjOWMwXHVkNjU4IiwiaXNzIjoiRURVIiwic3ViIjoiMTkiLCJpYXQiOjE3NzA2MTcxNjAsImV4cCI6MTc3MDYyMDc2MH0.q9ebOWKgrZD1Gkn_mZLXii_mPErDTEJ5MhwOigE02HA
2026-02-09 15:18:36,980 - INFO - Token 유효 시간 : 47 분 23 초
2026-02-09 15:18:50,073 - INFO - scheme='Bearer' credentials='eyJhbGciOiJIUzI1NiIsInR5cCI6IkpXVCJ9.eyJuYW1lIjoiXHVhZTQwXHVjOWMwXHVkNjU4IiwiaXNzIjoiRURVIiwic3ViIjoiMTkiLCJpYXQiOjE3NzA2MTcxNjAsImV4cCI6MTc3MDYyMDc2MH0.q9ebOWKgrZD1Gkn_mZLXii_mPErDTEJ5MhwOigE02HA'
2026-02-09 15:18:50,073 - INFO - Bearer
2026-02-09 15:18:50,073 - INFO - eyJhbGciOiJIUzI1NiIsInR5cCI6IkpXVCJ9.eyJuYW1lIjoiXHVhZTQwXHVjOWMwXHVkNjU4IiwiaXNzIjoiRURVIiwic3ViIjoiMTkiLCJpYXQiOjE3NzA2MTcxNjAsImV4cCI6MTc3MDYyMDc2MH0.q9ebOWKgrZD1Gkn_mZLXii_mPErDTEJ5MhwOigE02HA
2026-02-09 15:18:50,073 - INFO - Token 유효 시간 : 47 분 9 초
2026-02-09 15:20:09,820 - INFO - scheme='Bearer' credentials='eyJhbGciOiJIUzI1NiIsInR5cCI6IkpXVCJ9.eyJuYW1lIjoiXHVhZTQwXHVjOWMwXHVkNjU4IiwiaXNzIjoiRURVIiwic3ViIjoiMTkiLCJpYXQiOjE3NzA2MTcxNjAsImV4cCI6MTc3MDYyMDc2MH0.q9ebOWKgrZD1Gkn_mZLXii_mPErDTEJ5MhwOigE02HA'
2026-02-09 15:20:09,820 - INFO - Bearer
2026-02-09 15:20:09,820 - INFO - eyJhbGciOiJIUzI1NiIsInR5cCI6IkpXVCJ9.eyJuYW1lIjoiXHVhZTQwXHVjOWMwXHVkNjU4IiwiaXNzIjoiRURVIiwic3ViIjoiMTkiLCJpYXQiOjE3NzA2MTcxNjAsImV4cCI6MTc3MDYyMDc2MH0.q9ebOWKgrZD1Gkn_mZLXii_mPErDTEJ5MhwOigE02HA
2026-02-09 15:20:09,820 - INFO - Token 유효 시간 : 45 분 50 초
2026-02-09 15:20:14,120 - INFO - scheme='Bearer' credentials='eyJhbGciOiJIUzI1NiIsInR5cCI6IkpXVCJ9.eyJuYW1lIjoiXHVhZTQwXHVjOWMwXHVkNjU4IiwiaXNzIjoiRURVIiwic3ViIjoiMTkiLCJpYXQiOjE3NzA2MTcxNjAsImV4cCI6MTc3MDYyMDc2MH0.q9ebOWKgrZD1Gkn_mZLXii_mPErDTEJ5MhwOigE02HA'
2026-02-09 15:20:14,120 - INFO - Bearer
2026-02-09 15:20:14,120 - INFO - eyJhbGciOiJIUzI1NiIsInR5cCI6IkpXVCJ9.eyJuYW1lIjoiXHVhZTQwXHVjOWMwXHVkNjU4IiwiaXNzIjoiRURVIiwic3ViIjoiMTkiLCJpYXQiOjE3NzA2MTcxNjAsImV4cCI6MTc3MDYyMDc2MH0.q9ebOWKgrZD1Gkn_mZLXii_mPErDTEJ5MhwOigE02HA
2026-02-09 15:20:14,120 - INFO - Token 유효 시간 : 45 분 45 초
2026-02-09 15:30:51,986 - INFO - scheme='Bearer' credentials='eyJhbGciOiJIUzI1NiIsInR5cCI6IkpXVCJ9.eyJuYW1lIjoiXHVhZTQwXHVjOWMwXHVkNjU4IiwiaXNzIjoiRURVIiwic3ViIjoiMTkiLCJpYXQiOjE3NzA2MTcxNjAsImV4cCI6MTc3MDYyMDc2MH0.q9ebOWKgrZD1Gkn_mZLXii_mPErDTEJ5MhwOigE02HA'
2026-02-09 15:30:51,987 - INFO - Bearer
2026-02-09 15:30:51,987 - INFO - eyJhbGciOiJIUzI1NiIsInR5cCI6IkpXVCJ9.eyJuYW1lIjoiXHVhZTQwXHVjOWMwXHVkNjU4IiwiaXNzIjoiRURVIiwic3ViIjoiMTkiLCJpYXQiOjE3NzA2MTcxNjAsImV4cCI6MTc3MDYyMDc2MH0.q9ebOWKgrZD1Gkn_mZLXii_mPErDTEJ5MhwOigE02HA
2026-02-09 15:30:51,987 - INFO - Token 유효 시간 : 35 분 8 초
2026-02-09 15:41:58,671 - INFO - Shutting down
2026-02-09 15:41:58,780 - INFO - Waiting for application shutdown.
2026-02-09 15:41:58,781 - INFO - Application shutdown complete.
2026-02-09 15:41:58,781 - INFO - Finished server process [16720]
2026-02-09 15:42:02,336 - INFO - scheme='Bearer' credentials='eyJhbGciOiJIUzI1NiIsInR5cCI6IkpXVCJ9.eyJuYW1lIjoiXHVhZTQwXHVjOWMwXHVkNjU4IiwiaXNzIjoiRURVIiwic3ViIjoiMTkiLCJpYXQiOjE3NzA2MTcxNjAsImV4cCI6MTc3MDYyMDc2MH0.q9ebOWKgrZD1Gkn_mZLXii_mPErDTEJ5MhwOigE02HA'
2026-02-09 15:42:02,337 - INFO - Bearer
2026-02-09 15:42:02,337 - INFO - eyJhbGciOiJIUzI1NiIsInR5cCI6IkpXVCJ9.eyJuYW1lIjoiXHVhZTQwXHVjOWMwXHVkNjU4IiwiaXNzIjoiRURVIiwic3ViIjoiMTkiLCJpYXQiOjE3NzA2MTcxNjAsImV4cCI6MTc3MDYyMDc2MH0.q9ebOWKgrZD1Gkn_mZLXii_mPErDTEJ5MhwOigE02HA
2026-02-09 15:42:02,337 - INFO - Token 유효 시간 : 23 분 57 초
2026-02-09 15:46:59,699 - INFO - <BrokerConnection client_id=kafka-python-producer-1, node_id=1 host=localhost:9092 <connecting> [IPv6 ('::1', 9092, 0, 0)]>: connecting to localhost:9092 [('::1', 9092, 0, 0) IPv6]
2026-02-09 15:46:59,700 - INFO - <BrokerConnection client_id=kafka-python-producer-1, node_id=1 host=localhost:9092 <connected> [IPv6 ('::1', 9092, 0, 0)]>: Connection complete.
2026-02-09 15:46:59,701 - INFO - <BrokerConnection client_id=kafka-python-producer-1, node_id=bootstrap-0 host=localhost:9092 <connected> [IPv6 ('::1', 9092, 0, 0)]>: Closing connection. 
2026-02-09 16:05:36,121 - INFO - Shutting down
2026-02-09 16:05:36,226 - INFO - Waiting for application shutdown.
2026-02-09 16:05:36,228 - INFO - Application shutdown complete.
2026-02-09 16:05:36,228 - INFO - Finished server process [6360]
2026-02-09 16:44:52,614 - INFO - scheme='Bearer' credentials='eyJhbGciOiJIUzI1NiIsInR5cCI6IkpXVCJ9.eyJuYW1lIjoiXHVhZTQwXHVjOWMwXHVkNjU4IiwiaXNzIjoiRURVIiwic3ViIjoiMTkiLCJpYXQiOjE3NzA2MjI3ODAsImV4cCI6MTc3MDYyNjM4MH0.q9HLrwoL5yooJ2f7Y8zLCRGOXRPlwt6OybVNWIfCBHE'
2026-02-09 16:44:52,614 - INFO - Bearer
2026-02-09 16:44:52,614 - INFO - eyJhbGciOiJIUzI1NiIsInR5cCI6IkpXVCJ9.eyJuYW1lIjoiXHVhZTQwXHVjOWMwXHVkNjU4IiwiaXNzIjoiRURVIiwic3ViIjoiMTkiLCJpYXQiOjE3NzA2MjI3ODAsImV4cCI6MTc3MDYyNjM4MH0.q9HLrwoL5yooJ2f7Y8zLCRGOXRPlwt6OybVNWIfCBHE
2026-02-09 16:44:52,614 - INFO - Token 유효 시간 : 54 분 47 초
2026-02-09 16:54:04,473 - INFO - scheme='Bearer' credentials='eyJhbGciOiJIUzI1NiIsInR5cCI6IkpXVCJ9.eyJuYW1lIjoiXHVhZTQwXHVjOWMwXHVkNjU4IiwiaXNzIjoiRURVIiwic3ViIjoiMTkiLCJpYXQiOjE3NzA2MjI3ODAsImV4cCI6MTc3MDYyNjM4MH0.q9HLrwoL5yooJ2f7Y8zLCRGOXRPlwt6OybVNWIfCBHE'
2026-02-09 16:54:04,473 - INFO - Bearer
2026-02-09 16:54:04,473 - INFO - eyJhbGciOiJIUzI1NiIsInR5cCI6IkpXVCJ9.eyJuYW1lIjoiXHVhZTQwXHVjOWMwXHVkNjU4IiwiaXNzIjoiRURVIiwic3ViIjoiMTkiLCJpYXQiOjE3NzA2MjI3ODAsImV4cCI6MTc3MDYyNjM4MH0.q9HLrwoL5yooJ2f7Y8zLCRGOXRPlwt6OybVNWIfCBHE
2026-02-09 16:54:04,473 - INFO - Token 유효 시간 : 45 분 35 초
2026-02-09 16:54:09,897 - INFO - scheme='Bearer' credentials='eyJhbGciOiJIUzI1NiIsInR5cCI6IkpXVCJ9.eyJuYW1lIjoiXHVhZTQwXHVjOWMwXHVkNjU4IiwiaXNzIjoiRURVIiwic3ViIjoiMTkiLCJpYXQiOjE3NzA2MjI3ODAsImV4cCI6MTc3MDYyNjM4MH0.q9HLrwoL5yooJ2f7Y8zLCRGOXRPlwt6OybVNWIfCBHE'
2026-02-09 16:54:09,897 - INFO - Bearer
2026-02-09 16:54:09,897 - INFO - eyJhbGciOiJIUzI1NiIsInR5cCI6IkpXVCJ9.eyJuYW1lIjoiXHVhZTQwXHVjOWMwXHVkNjU4IiwiaXNzIjoiRURVIiwic3ViIjoiMTkiLCJpYXQiOjE3NzA2MjI3ODAsImV4cCI6MTc3MDYyNjM4MH0.q9HLrwoL5yooJ2f7Y8zLCRGOXRPlwt6OybVNWIfCBHE
2026-02-09 16:54:09,897 - INFO - Token 유효 시간 : 45 분 30 초
2026-02-09 16:54:26,074 - INFO - scheme='Bearer' credentials='eyJhbGciOiJIUzI1NiIsInR5cCI6IkpXVCJ9.eyJuYW1lIjoiXHVhZTQwXHVjOWMwXHVkNjU4IiwiaXNzIjoiRURVIiwic3ViIjoiMTkiLCJpYXQiOjE3NzA2MjI3ODAsImV4cCI6MTc3MDYyNjM4MH0.q9HLrwoL5yooJ2f7Y8zLCRGOXRPlwt6OybVNWIfCBHE'
2026-02-09 16:54:26,074 - INFO - Bearer
2026-02-09 16:54:26,074 - INFO - eyJhbGciOiJIUzI1NiIsInR5cCI6IkpXVCJ9.eyJuYW1lIjoiXHVhZTQwXHVjOWMwXHVkNjU4IiwiaXNzIjoiRURVIiwic3ViIjoiMTkiLCJpYXQiOjE3NzA2MjI3ODAsImV4cCI6MTc3MDYyNjM4MH0.q9HLrwoL5yooJ2f7Y8zLCRGOXRPlwt6OybVNWIfCBHE
2026-02-09 16:54:26,074 - INFO - Token 유효 시간 : 45 분 13 초
2026-02-09 16:56:32,993 - INFO - scheme='Bearer' credentials='eyJhbGciOiJIUzI1NiIsInR5cCI6IkpXVCJ9.eyJuYW1lIjoiXHVhZTQwXHVjOWMwXHVkNjU4IiwiaXNzIjoiRURVIiwic3ViIjoiMTkiLCJpYXQiOjE3NzA2MjM3ODgsImV4cCI6MTc3MDYyNzM4OH0.HuVv_c0EKIJ_7pPX9jp_L6SnVDe_omrBbi3G3KLRC7E'
2026-02-09 16:56:32,993 - INFO - Bearer
2026-02-09 16:56:32,993 - INFO - eyJhbGciOiJIUzI1NiIsInR5cCI6IkpXVCJ9.eyJuYW1lIjoiXHVhZTQwXHVjOWMwXHVkNjU4IiwiaXNzIjoiRURVIiwic3ViIjoiMTkiLCJpYXQiOjE3NzA2MjM3ODgsImV4cCI6MTc3MDYyNzM4OH0.HuVv_c0EKIJ_7pPX9jp_L6SnVDe_omrBbi3G3KLRC7E
2026-02-09 16:56:32,993 - INFO - Token 유효 시간 : 59 분 55 초
2026-02-09 17:09:26,081 - INFO - Shutting down
2026-02-09 17:09:26,190 - INFO - Waiting for application shutdown.
2026-02-09 17:09:26,190 - INFO - Application shutdown complete.
2026-02-09 17:09:26,190 - INFO - Finished server process [11000]
